<?xml version="1.0" encoding="UTF-8"?>
<!-- Generated by org.testng.reporters.JUnitReportReporter -->
<testsuite ignored="0" hostname="LAPTOP-9444934C" failures="0" tests="3" name="com.automation.tests.ActionsTests" time="40.378" errors="0" timestamp="01 Mar 2024 10:33:48 GMT" skipped="0">
  <testcase classname="com.automation.tests.ActionsTests" name="testing_page_scrolling" time="24.244"/>
  <testcase classname="com.automation.tests.ActionsTests" name="testing_mouse_hoverover" time="9.071"/>
  <testcase classname="com.automation.tests.ActionsTests" name="openBrowser" time="7.063"/>
</testsuite> <!-- com.automation.tests.ActionsTests -->
